  EtherAPI.cpp
LINK : warning LNK4098: 默认库“LIBCMT”与其他库的使用冲突；请使用 /NODEFAULTLIB:library
  正在生成代码
  1 of 215 functions ( 0.5%) were compiled, the rest were copied from previous compilation.
    0 functions were new in current compilation
    1 functions had inline decision re-evaluated but remain unchanged
  已完成代码的生成
LuaLib-5.4.0.lib(lapi.obj) : warning LNK4099: 未找到 PDB“LuaLib-5.4.0.pdb”(使用“LuaLib-5.4.0.lib(lapi.obj)”或在“C:\Users\hong\Desktop\GameDesign\EtherEngineX\x64\Release\LuaLib-5.4.0.pdb”中寻找)；正在链接对象，如同没有调试信息一样
LuaLib-5.4.0.lib(lauxlib.obj) : warning LNK4099: 未找到 PDB“LuaLib-5.4.0.pdb”(使用“LuaLib-5.4.0.lib(lauxlib.obj)”或在“C:\Users\hong\Desktop\GameDesign\EtherEngineX\x64\Release\LuaLib-5.4.0.pdb”中寻找)；正在链接对象，如同没有调试信息一样
LuaLib-5.4.0.lib(lbaselib.obj) : warning LNK4099: 未找到 PDB“LuaLib-5.4.0.pdb”(使用“LuaLib-5.4.0.lib(lbaselib.obj)”或在“C:\Users\hong\Desktop\GameDesign\EtherEngineX\x64\Release\LuaLib-5.4.0.pdb”中寻找)；正在链接对象，如同没有调试信息一样
LuaLib-5.4.0.lib(lcode.obj) : warning LNK4099: 未找到 PDB“LuaLib-5.4.0.pdb”(使用“LuaLib-5.4.0.lib(lcode.obj)”或在“C:\Users\hong\Desktop\GameDesign\EtherEngineX\x64\Release\LuaLib-5.4.0.pdb”中寻找)；正在链接对象，如同没有调试信息一样
LuaLib-5.4.0.lib(lcorolib.obj) : warning LNK4099: 未找到 PDB“LuaLib-5.4.0.pdb”(使用“LuaLib-5.4.0.lib(lcorolib.obj)”或在“C:\Users\hong\Desktop\GameDesign\EtherEngineX\x64\Release\LuaLib-5.4.0.pdb”中寻找)；正在链接对象，如同没有调试信息一样
LuaLib-5.4.0.lib(lctype.obj) : warning LNK4099: 未找到 PDB“LuaLib-5.4.0.pdb”(使用“LuaLib-5.4.0.lib(lctype.obj)”或在“C:\Users\hong\Desktop\GameDesign\EtherEngineX\x64\Release\LuaLib-5.4.0.pdb”中寻找)；正在链接对象，如同没有调试信息一样
LuaLib-5.4.0.lib(ldblib.obj) : warning LNK4099: 未找到 PDB“LuaLib-5.4.0.pdb”(使用“LuaLib-5.4.0.lib(ldblib.obj)”或在“C:\Users\hong\Desktop\GameDesign\EtherEngineX\x64\Release\LuaLib-5.4.0.pdb”中寻找)；正在链接对象，如同没有调试信息一样
LuaLib-5.4.0.lib(ldebug.obj) : warning LNK4099: 未找到 PDB“LuaLib-5.4.0.pdb”(使用“LuaLib-5.4.0.lib(ldebug.obj)”或在“C:\Users\hong\Desktop\GameDesign\EtherEngineX\x64\Release\LuaLib-5.4.0.pdb”中寻找)；正在链接对象，如同没有调试信息一样
LuaLib-5.4.0.lib(ldo.obj) : warning LNK4099: 未找到 PDB“LuaLib-5.4.0.pdb”(使用“LuaLib-5.4.0.lib(ldo.obj)”或在“C:\Users\hong\Desktop\GameDesign\EtherEngineX\x64\Release\LuaLib-5.4.0.pdb”中寻找)；正在链接对象，如同没有调试信息一样
LuaLib-5.4.0.lib(ldump.obj) : warning LNK4099: 未找到 PDB“LuaLib-5.4.0.pdb”(使用“LuaLib-5.4.0.lib(ldump.obj)”或在“C:\Users\hong\Desktop\GameDesign\EtherEngineX\x64\Release\LuaLib-5.4.0.pdb”中寻找)；正在链接对象，如同没有调试信息一样
LuaLib-5.4.0.lib(lfunc.obj) : warning LNK4099: 未找到 PDB“LuaLib-5.4.0.pdb”(使用“LuaLib-5.4.0.lib(lfunc.obj)”或在“C:\Users\hong\Desktop\GameDesign\EtherEngineX\x64\Release\LuaLib-5.4.0.pdb”中寻找)；正在链接对象，如同没有调试信息一样
LuaLib-5.4.0.lib(lgc.obj) : warning LNK4099: 未找到 PDB“LuaLib-5.4.0.pdb”(使用“LuaLib-5.4.0.lib(lgc.obj)”或在“C:\Users\hong\Desktop\GameDesign\EtherEngineX\x64\Release\LuaLib-5.4.0.pdb”中寻找)；正在链接对象，如同没有调试信息一样
LuaLib-5.4.0.lib(linit.obj) : warning LNK4099: 未找到 PDB“LuaLib-5.4.0.pdb”(使用“LuaLib-5.4.0.lib(linit.obj)”或在“C:\Users\hong\Desktop\GameDesign\EtherEngineX\x64\Release\LuaLib-5.4.0.pdb”中寻找)；正在链接对象，如同没有调试信息一样
LuaLib-5.4.0.lib(liolib.obj) : warning LNK4099: 未找到 PDB“LuaLib-5.4.0.pdb”(使用“LuaLib-5.4.0.lib(liolib.obj)”或在“C:\Users\hong\Desktop\GameDesign\EtherEngineX\x64\Release\LuaLib-5.4.0.pdb”中寻找)；正在链接对象，如同没有调试信息一样
LuaLib-5.4.0.lib(llex.obj) : warning LNK4099: 未找到 PDB“LuaLib-5.4.0.pdb”(使用“LuaLib-5.4.0.lib(llex.obj)”或在“C:\Users\hong\Desktop\GameDesign\EtherEngineX\x64\Release\LuaLib-5.4.0.pdb”中寻找)；正在链接对象，如同没有调试信息一样
LuaLib-5.4.0.lib(lmathlib.obj) : warning LNK4099: 未找到 PDB“LuaLib-5.4.0.pdb”(使用“LuaLib-5.4.0.lib(lmathlib.obj)”或在“C:\Users\hong\Desktop\GameDesign\EtherEngineX\x64\Release\LuaLib-5.4.0.pdb”中寻找)；正在链接对象，如同没有调试信息一样
LuaLib-5.4.0.lib(lmem.obj) : warning LNK4099: 未找到 PDB“LuaLib-5.4.0.pdb”(使用“LuaLib-5.4.0.lib(lmem.obj)”或在“C:\Users\hong\Desktop\GameDesign\EtherEngineX\x64\Release\LuaLib-5.4.0.pdb”中寻找)；正在链接对象，如同没有调试信息一样
LuaLib-5.4.0.lib(loadlib.obj) : warning LNK4099: 未找到 PDB“LuaLib-5.4.0.pdb”(使用“LuaLib-5.4.0.lib(loadlib.obj)”或在“C:\Users\hong\Desktop\GameDesign\EtherEngineX\x64\Release\LuaLib-5.4.0.pdb”中寻找)；正在链接对象，如同没有调试信息一样
LuaLib-5.4.0.lib(lobject.obj) : warning LNK4099: 未找到 PDB“LuaLib-5.4.0.pdb”(使用“LuaLib-5.4.0.lib(lobject.obj)”或在“C:\Users\hong\Desktop\GameDesign\EtherEngineX\x64\Release\LuaLib-5.4.0.pdb”中寻找)；正在链接对象，如同没有调试信息一样
LuaLib-5.4.0.lib(lopcodes.obj) : warning LNK4099: 未找到 PDB“LuaLib-5.4.0.pdb”(使用“LuaLib-5.4.0.lib(lopcodes.obj)”或在“C:\Users\hong\Desktop\GameDesign\EtherEngineX\x64\Release\LuaLib-5.4.0.pdb”中寻找)；正在链接对象，如同没有调试信息一样
LuaLib-5.4.0.lib(loslib.obj) : warning LNK4099: 未找到 PDB“LuaLib-5.4.0.pdb”(使用“LuaLib-5.4.0.lib(loslib.obj)”或在“C:\Users\hong\Desktop\GameDesign\EtherEngineX\x64\Release\LuaLib-5.4.0.pdb”中寻找)；正在链接对象，如同没有调试信息一样
LuaLib-5.4.0.lib(lparser.obj) : warning LNK4099: 未找到 PDB“LuaLib-5.4.0.pdb”(使用“LuaLib-5.4.0.lib(lparser.obj)”或在“C:\Users\hong\Desktop\GameDesign\EtherEngineX\x64\Release\LuaLib-5.4.0.pdb”中寻找)；正在链接对象，如同没有调试信息一样
LuaLib-5.4.0.lib(lstate.obj) : warning LNK4099: 未找到 PDB“LuaLib-5.4.0.pdb”(使用“LuaLib-5.4.0.lib(lstate.obj)”或在“C:\Users\hong\Desktop\GameDesign\EtherEngineX\x64\Release\LuaLib-5.4.0.pdb”中寻找)；正在链接对象，如同没有调试信息一样
LuaLib-5.4.0.lib(lstring.obj) : warning LNK4099: 未找到 PDB“LuaLib-5.4.0.pdb”(使用“LuaLib-5.4.0.lib(lstring.obj)”或在“C:\Users\hong\Desktop\GameDesign\EtherEngineX\x64\Release\LuaLib-5.4.0.pdb”中寻找)；正在链接对象，如同没有调试信息一样
LuaLib-5.4.0.lib(lstrlib.obj) : warning LNK4099: 未找到 PDB“LuaLib-5.4.0.pdb”(使用“LuaLib-5.4.0.lib(lstrlib.obj)”或在“C:\Users\hong\Desktop\GameDesign\EtherEngineX\x64\Release\LuaLib-5.4.0.pdb”中寻找)；正在链接对象，如同没有调试信息一样
LuaLib-5.4.0.lib(ltable.obj) : warning LNK4099: 未找到 PDB“LuaLib-5.4.0.pdb”(使用“LuaLib-5.4.0.lib(ltable.obj)”或在“C:\Users\hong\Desktop\GameDesign\EtherEngineX\x64\Release\LuaLib-5.4.0.pdb”中寻找)；正在链接对象，如同没有调试信息一样
LuaLib-5.4.0.lib(ltablib.obj) : warning LNK4099: 未找到 PDB“LuaLib-5.4.0.pdb”(使用“LuaLib-5.4.0.lib(ltablib.obj)”或在“C:\Users\hong\Desktop\GameDesign\EtherEngineX\x64\Release\LuaLib-5.4.0.pdb”中寻找)；正在链接对象，如同没有调试信息一样
LuaLib-5.4.0.lib(ltm.obj) : warning LNK4099: 未找到 PDB“LuaLib-5.4.0.pdb”(使用“LuaLib-5.4.0.lib(ltm.obj)”或在“C:\Users\hong\Desktop\GameDesign\EtherEngineX\x64\Release\LuaLib-5.4.0.pdb”中寻找)；正在链接对象，如同没有调试信息一样
LuaLib-5.4.0.lib(lundump.obj) : warning LNK4099: 未找到 PDB“LuaLib-5.4.0.pdb”(使用“LuaLib-5.4.0.lib(lundump.obj)”或在“C:\Users\hong\Desktop\GameDesign\EtherEngineX\x64\Release\LuaLib-5.4.0.pdb”中寻找)；正在链接对象，如同没有调试信息一样
LuaLib-5.4.0.lib(lutf8lib.obj) : warning LNK4099: 未找到 PDB“LuaLib-5.4.0.pdb”(使用“LuaLib-5.4.0.lib(lutf8lib.obj)”或在“C:\Users\hong\Desktop\GameDesign\EtherEngineX\x64\Release\LuaLib-5.4.0.pdb”中寻找)；正在链接对象，如同没有调试信息一样
LuaLib-5.4.0.lib(lvm.obj) : warning LNK4099: 未找到 PDB“LuaLib-5.4.0.pdb”(使用“LuaLib-5.4.0.lib(lvm.obj)”或在“C:\Users\hong\Desktop\GameDesign\EtherEngineX\x64\Release\LuaLib-5.4.0.pdb”中寻找)；正在链接对象，如同没有调试信息一样
LuaLib-5.4.0.lib(lzio.obj) : warning LNK4099: 未找到 PDB“LuaLib-5.4.0.pdb”(使用“LuaLib-5.4.0.lib(lzio.obj)”或在“C:\Users\hong\Desktop\GameDesign\EtherEngineX\x64\Release\LuaLib-5.4.0.pdb”中寻找)；正在链接对象，如同没有调试信息一样
  EtherEngineX.vcxproj -> C:\Users\hong\Desktop\GameDesign\EtherEngineX\x64\Release\EtherEngineX.exe
